<?xml version="1.0" encoding="utf-8"?>
<TestRun id="cf555bad-b669-4f3c-8623-79c63251aefd" name="@LAPTOP-760CK7MO 2021-05-20 08:25:51" xmlns="http://microsoft.com/schemas/VisualStudio/TeamTest/2010">
  <Times creation="2021-05-20T08:25:51.9684035-07:00" queuing="2021-05-20T08:25:51.9684038-07:00" start="2021-05-20T08:25:45.2241623-07:00" finish="2021-05-20T08:25:51.9881603-07:00" />
  <TestSettings name="default" id="99ad70d6-2bf4-46bf-aa16-30979abd95a9">
    <Deployment runDeploymentRoot="_LAPTOP-760CK7MO_2021-05-20_08_25_51" />
  </TestSettings>
  <Results>
    <UnitTestResult executionId="d0deb8ba-462d-4a92-92e3-b89ede125667" testId="2005fa1b-fc91-7346-a30d-59152e7ca37e" testName="Clerktracker.Testing.UnitTest1.Test1" computerName="LAPTOP-760CK7MO" duration="00:00:00.0112980" startTime="2021-05-20T08:25:51.7888428-07:00" endTime="2021-05-20T08:25:51.7891325-07:00" testType="13cdc9d9-ddb5-4fa4-a97d-d965ccfc6d4b" outcome="Passed" testListId="8c84fa94-04c1-424b-9868-57a2d4851a1d" relativeResultsDirectory="d0deb8ba-462d-4a92-92e3-b89ede125667" />
  </Results>
  <TestDefinitions>
    <UnitTest name="Clerktracker.Testing.UnitTest1.Test1" storage="/home/jasonw/revature/project_clerktracker/clerktracker.testing/bin/debug/net5.0/clerktracker.testing.dll" id="2005fa1b-fc91-7346-a30d-59152e7ca37e">
      <Execution id="d0deb8ba-462d-4a92-92e3-b89ede125667" />
      <TestMethod codeBase="/home/jasonw/revature/project_clerktracker/ClerkTracker.Testing/bin/Debug/net5.0/ClerkTracker.Testing.dll" adapterTypeName="executor://xunit/VsTestRunner2/netcoreapp" className="Clerktracker.Testing.UnitTest1" name="Test1" />
    </UnitTest>
  </TestDefinitions>
  <TestEntries>
    <TestEntry testId="2005fa1b-fc91-7346-a30d-59152e7ca37e" executionId="d0deb8ba-462d-4a92-92e3-b89ede125667" testListId="8c84fa94-04c1-424b-9868-57a2d4851a1d" />
  </TestEntries>
  <TestLists>
    <TestList name="Results Not in a List" id="8c84fa94-04c1-424b-9868-57a2d4851a1d" />
    <TestList name="All Loaded Results" id="19431567-8539-422a-85d7-44ee4e166bda" />
  </TestLists>
  <ResultSummary outcome="Completed">
    <Counters total="1" executed="1" passed="1" failed="0" error="0" timeout="0" aborted="0" inconclusive="0" passedButRunAborted="0" notRunnable="0" notExecuted="0" disconnected="0" warning="0" completed="0" inProgress="0" pending="0" />
    <Output>
      <StdOut>[xUnit.net 00:00:00.03] xUnit.net VSTest Adapter v2.4.3+1b45f5407b (64-bit .NET 5.0.5)
[xUnit.net 00:00:01.43]   Discovering: ClerkTracker.Testing
[xUnit.net 00:00:01.53]   Discovered:  ClerkTracker.Testing
[xUnit.net 00:00:01.54]   Starting:    ClerkTracker.Testing
[xUnit.net 00:00:01.81]   Finished:    ClerkTracker.Testing
</StdOut>
    </Output>
  </ResultSummary>
</TestRun>